[22:39:44] [Server thread/INFO]: Starting minecraft server version 1.11.2
[22:39:44] [Server thread/INFO]: Loading properties
[22:39:44] [Server thread/INFO]: Default game type: SURVIVAL
[22:39:44] [Server thread/INFO]: Generating keypair
[22:39:45] [Server thread/INFO]: Starting Minecraft server on *:25565
[22:39:45] [Server thread/INFO]: Using default channel type
[22:39:45] [Server thread/INFO]: This server is running CraftBukkit version git-Bukkit-6e3cec8 (MC: 1.11.2) (Implementing API version 1.11.2-R0.1-SNAPSHOT)
[22:39:45] [Server thread/WARN]: **** SERVER IS RUNNING IN OFFLINE/INSECURE MODE!
[22:39:45] [Server thread/WARN]: The server will make no attempt to authenticate usernames. Beware.
[22:39:45] [Server thread/WARN]: While this makes the game possible to play without internet access, it also opens up the ability for hackers to connect with any username they choose.
[22:39:45] [Server thread/WARN]: To change this, set "online-mode" to "true" in the server.properties file.
[22:39:45] [Server thread/INFO]: Preparing level "world"
[22:39:45] [Server thread/INFO]: Preparing start region for level 0 (Seed: -6034787789463599394)
[22:39:46] [Server thread/INFO]: Preparing spawn area: 21%
[22:39:47] [Server thread/INFO]: Preparing start region for level 1 (Seed: -6034787789463599394)
[22:39:48] [Server thread/INFO]: Preparing spawn area: 75%
[22:39:49] [Server thread/INFO]: Preparing start region for level 2 (Seed: -6034787789463599394)
[22:39:49] [Server thread/INFO]: Server permissions file permissions.yml is empty, ignoring it
[22:39:49] [Server thread/INFO]: Done (3.743s)! For help, type "help" or "?"
[22:40:06] [Server thread/INFO]: Stopping the server
[22:40:06] [Server thread/INFO]: Stopping server
[22:40:06] [Server thread/INFO]: Saving players
[22:40:06] [Server thread/INFO]: Saving worlds
[22:40:06] [Server thread/INFO]: Saving chunks for level 'world'/Overworld
[22:40:07] [Server thread/INFO]: Saving chunks for level 'world_nether'/Nether
[22:40:07] [Server thread/INFO]: Saving chunks for level 'world_the_end'/The End
